[06:01:05]项目名字：UnityLogger
UnityEngine.Debug:Log (object,UnityEngine.Object)
LogInfo.Info:Log (string)
LogInfo.Info:Init (string)
Sailfish.Log.Logger:Awake () (at Assets/LogUploader/Scripts/UGUI_Log/Logger.cs:78)
UnityEngine.GameObject:AddComponent<Sailfish.Log.Logger> ()
Sailfish.Log.Logger:InitLogger () (at Assets/LogUploader/Scripts/UGUI_Log/Logger.cs:41)

[06:01:05]日志时间：20240830
UnityEngine.Debug:Log (object,UnityEngine.Object)
LogInfo.Info:Log (string)
LogInfo.Info:Init (string)
Sailfish.Log.Logger:Awake () (at Assets/LogUploader/Scripts/UGUI_Log/Logger.cs:78)
UnityEngine.GameObject:AddComponent<Sailfish.Log.Logger> ()
Sailfish.Log.Logger:InitLogger () (at Assets/LogUploader/Scripts/UGUI_Log/Logger.cs:41)

[06:01:05]本地日志地址：E:\Project\Logger_Unity\Logger/Log/20240830/060105.log
UnityEngine.Debug:Log (object,UnityEngine.Object)
LogInfo.Info:Log (string)
LogInfo.Info:Init (string)
Sailfish.Log.Logger:Awake () (at Assets/LogUploader/Scripts/UGUI_Log/Logger.cs:78)
UnityEngine.GameObject:AddComponent<Sailfish.Log.Logger> ()
Sailfish.Log.Logger:InitLogger () (at Assets/LogUploader/Scripts/UGUI_Log/Logger.cs:41)

[06:01:05]服务器日志地址：101.33.207.93
UnityEngine.Debug:Log (object,UnityEngine.Object)
LogInfo.Info:Log (string)
LogInfo.Info:Init (string)
Sailfish.Log.Logger:Awake () (at Assets/LogUploader/Scripts/UGUI_Log/Logger.cs:78)
UnityEngine.GameObject:AddComponent<Sailfish.Log.Logger> ()
Sailfish.Log.Logger:InitLogger () (at Assets/LogUploader/Scripts/UGUI_Log/Logger.cs:41)

[06:01:05]开启日志线程
UnityEngine.Debug:Log (object,UnityEngine.Object)
LogInfo.Info:Log (string)
LogInfo.Info:Init (string)
Sailfish.Log.Logger:Awake () (at Assets/LogUploader/Scripts/UGUI_Log/Logger.cs:78)
UnityEngine.GameObject:AddComponent<Sailfish.Log.Logger> ()
Sailfish.Log.Logger:InitLogger () (at Assets/LogUploader/Scripts/UGUI_Log/Logger.cs:41)


[06:01:05]NullReferenceException: Object reference not set to an instance of an object
UnityEngine.UIElements.StyleSheets.HierarchyTraversal.Recurse (UnityEngine.UIElements.VisualElement element, System.Int32 depth) (at <703ee3f460e44929a35468a9f14d1eeb>:0)
UnityEngine.UIElements.UQuery+UQueryMatcher.TraverseRecursive (UnityEngine.UIElements.VisualElement element, System.Int32 depth) (at <703ee3f460e44929a35468a9f14d1eeb>:0)
UnityEngine.UIElements.StyleSheets.HierarchyTraversal.Traverse (UnityEngine.UIElements.VisualElement element) (at <703ee3f460e44929a35468a9f14d1eeb>:0)
UnityEngine.UIElements.UQuery+UQueryMatcher.Traverse (UnityEngine.UIElements.VisualElement element) (at <703ee3f460e44929a35468a9f14d1eeb>:0)
UnityEngine.UIElements.UQuery+UQueryMatcher.Run (UnityEngine.UIElements.VisualElement root, System.Collections.Generic.List`1[T] matchers) (at <703ee3f460e44929a35468a9f14d1eeb>:0)
UnityEngine.UIElements.UQuery+SingleQueryMatcher.Run (UnityEngine.UIElements.VisualElement root, System.Collections.Generic.List`1[T] matchers) (at <703ee3f460e44929a35468a9f14d1eeb>:0)
UnityEngine.UIElements.UQueryState`1[T].Single (UnityEngine.UIElements.UQuery+SingleQueryMatcher matcher) (at <703ee3f460e44929a35468a9f14d1eeb>:0)
UnityEngine.UIElements.UQueryState`1[T].First () (at <703ee3f460e44929a35468a9f14d1eeb>:0)
UnityEngine.UIElements.UQueryExtensions.Q[T] (UnityEngine.UIElements.VisualElement e, System.String name, System.String className) (at <703ee3f460e44929a35468a9f14d1eeb>:0)
Sailfish.Log.UILog.Init (UnityEngine.Transform panel) (at Assets/UILog.cs:99)
Sailfish.Log.Logger.CreatMode (Sailfish.Log.LogMode mode) (at Assets/LogUploader/Scripts/UGUI_Log/Logger.cs:69)
Sailfish.Log.Logger.InitLogger () (at Assets/LogUploader/Scripts/UGUI_Log/Logger.cs:43)


[06:01:13][Mediation]: To access the full suite of Mediation Editor tools, please link your project to a Unity Dashboard project under Edit > Project Settings > Services
UnityEngine.Logger:LogWarning (string,object)
Unity.Services.Mediation.MediationLogger:LogWarning (object) (at Library/PackageCache/com.unity.services.mediation@1.0.5/Runtime/Tools/Logger/MediationLogger.cs:27)
Unity.Services.Mediation.Dashboard.Editor.DashboardClient/<>c__DisplayClass19_0:<GetConfiguredAdNetworksAsync>b__0 (bool) (at Library/PackageCache/com.unity.services.mediation@1.0.5/Editor/Settings/Dashboard/DashboardClient.cs:212)
Unity.Services.Mediation.Dashboard.Editor.DashboardPoller/<>c:<Update>b__11_1 (System.Action`1<bool>) (at Library/PackageCache/com.unity.services.mediation@1.0.5/Editor/Settings/Dashboard/DashboardPoller.cs:46)
System.Collections.Generic.List`1<System.Action`1<bool>>:ForEach (System.Action`1<System.Action`1<bool>>)
Unity.Services.Mediation.Dashboard.Editor.DashboardPoller:Update () (at Library/PackageCache/com.unity.services.mediation@1.0.5/Editor/Settings/Dashboard/DashboardPoller.cs:46)
UnityEditor.EditorApplication:Internal_CallUpdateFunctions ()


