[02:53:47]项目名字：UnityLogger
UnityEngine.Debug:Log(Object)
Sailfish.Log.Debug:Log(String)
Sailfish.Log.Debug:Init(String)
Sailfish.Log.Logger:Awake() (at Assets/LogUploader/Scripts/Log/Logger.cs:52)


[02:53:47]日志时间：20240829
UnityEngine.Debug:Log(Object)
Sailfish.Log.Debug:Log(String)
Sailfish.Log.Debug:Init(String)
Sailfish.Log.Logger:Awake() (at Assets/LogUploader/Scripts/Log/Logger.cs:52)


[02:53:47]本地日志地址：E:/Project/Logger_Unity/Logger/Assets/StreamingAssets/Log/20240829/025347.log
UnityEngine.Debug:Log(Object)
Sailfish.Log.Debug:Log(String)
Sailfish.Log.Debug:Init(String)
Sailfish.Log.Logger:Awake() (at Assets/LogUploader/Scripts/Log/Logger.cs:52)


[02:53:47]服务器日志地址：http://101.33.207.93
UnityEngine.Debug:Log(Object)
Sailfish.Log.Debug:Log(String)
Sailfish.Log.Debug:Init(String)
Sailfish.Log.Logger:Awake() (at Assets/LogUploader/Scripts/Log/Logger.cs:52)


[02:53:47]开启日志线程
UnityEngine.Debug:Log(Object)
Sailfish.Log.Debug:Log(String)
Sailfish.Log.Debug:Init(String)
Sailfish.Log.Logger:Awake() (at Assets/LogUploader/Scripts/Log/Logger.cs:52)



[02:53:58]SocketException: 提供了一个无效的参数。

Rethrow as FormatException: An invalid IP address was specified.
System.Net.IPAddress.InternalParse (System.String ipString, System.Boolean tryParse) (at <ef151b6abb5d474cb2c1cb8906a8b5a4>:0)
System.Net.IPAddress.Parse (System.String ipString) (at <ef151b6abb5d474cb2c1cb8906a8b5a4>:0)
Sailfish.Log.LogUploader.SocketClient () (at Assets/LogUploader/Scripts/Log/LogUploader.cs:63)
Sailfish.Log.LogUploader.Upload () (at Assets/LogUploader/Scripts/Log/LogUploader.cs:44)
Sailfish.Log.LoggerPanel.<.ctor>b__9_0 () (at Assets/LogUploader/Scripts/Log/LoggerPanel.cs:70)
UnityEngine.Events.InvokableCall.Invoke () (at <958b02b187a74cbdb62346d66445cafe>:0)
UnityEngine.Events.UnityEvent.Invoke () (at <958b02b187a74cbdb62346d66445cafe>:0)
UnityEngine.UI.Button.Press () (at C:/Program Files/Unity/Hub/Editor/2019.4.12f1/Editor/Data/Resources/PackageManager/BuiltInPackages/com.unity.ugui/Runtime/UI/Core/Button.cs:68)
UnityEngine.UI.Button.OnPointerClick (UnityEngine.EventSystems.PointerEventData eventData) (at C:/Program Files/Unity/Hub/Editor/2019.4.12f1/Editor/Data/Resources/PackageManager/BuiltInPackages/com.unity.ugui/Runtime/UI/Core/Button.cs:110)
UnityEngine.EventSystems.ExecuteEvents.Execute (UnityEngine.EventSystems.IPointerClickHandler handler, UnityEngine.EventSystems.BaseEventData eventData) (at C:/Program Files/Unity/Hub/Editor/2019.4.12f1/Editor/Data/Resources/PackageManager/BuiltInPackages/com.unity.ugui/Runtime/EventSystem/ExecuteEvents.cs:50)
UnityEngine.EventSystems.ExecuteEvents.Execute[T] (UnityEngine.GameObject target, UnityEngine.EventSystems.BaseEventData eventData, UnityEngine.EventSystems.ExecuteEvents+EventFunction`1[T1] functor) (at C:/Program Files/Unity/Hub/Editor/2019.4.12f1/Editor/Data/Resources/PackageManager/BuiltInPackages/com.unity.ugui/Runtime/EventSystem/ExecuteEvents.cs:261)
UnityEngine.EventSystems.EventSystem:Update() (at C:/Program Files/Unity/Hub/Editor/2019.4.12f1/Editor/Data/Resources/PackageManager/BuiltInPackages/com.unity.ugui/Runtime/EventSystem/EventSystem.cs:377)



[02:54:10]连接服务器中.....
UnityEngine.Debug:Log(Object)
Sailfish.Log.Debug:Log(String)
Sailfish.Log.LogUploader:SocketClient() (at Assets/LogUploader/Scripts/Log/LogUploader.cs:68)
Sailfish.Log.LogUploader:Upload() (at Assets/LogUploader/Scripts/Log/LogUploader.cs:44)
Sailfish.Log.LoggerPanel:<.ctor>b__9_0() (at Assets/LogUploader/Scripts/Log/LoggerPanel.cs:70)
UnityEngine.EventSystems.EventSystem:Update() (at C:/Program Files/Unity/Hub/Editor/2019.4.12f1/Editor/Data/Resources/PackageManager/BuiltInPackages/com.unity.ugui/Runtime/EventSystem/EventSystem.cs:377)


[02:54:10]与服务器链接成功！:101.33.207.93
UnityEngine.Debug:Log(Object)
Sailfish.Log.Debug:Log(String)
Sailfish.Log.LogUploader:SocketClient() (at Assets/LogUploader/Scripts/Log/LogUploader.cs:76)
Sailfish.Log.LogUploader:Upload() (at Assets/LogUploader/Scripts/Log/LogUploader.cs:44)
Sailfish.Log.LoggerPanel:<.ctor>b__9_0() (at Assets/LogUploader/Scripts/Log/LoggerPanel.cs:70)
UnityEngine.EventSystems.EventSystem:Update() (at C:/Program Files/Unity/Hub/Editor/2019.4.12f1/Editor/Data/Resources/PackageManager/BuiltInPackages/com.unity.ugui/Runtime/EventSystem/EventSystem.cs:377)


[02:54:10]发送完成
UnityEngine.Debug:Log(Object)
Sailfish.Log.Debug:Log(String)
Sailfish.Log.<SendFile>d__9:MoveNext() (at Assets/LogUploader/Scripts/Log/LogUploader.cs:136)
UnityEngine.UnitySynchronizationContext:ExecuteTasks()



[02:56:37]连接服务器中.....
UnityEngine.Debug:Log(Object)
Sailfish.Log.Debug:Log(String)
Sailfish.Log.LogUploader:SocketClient() (at Assets/LogUploader/Scripts/Log/LogUploader.cs:68)
Sailfish.Log.LogUploader:Upload() (at Assets/LogUploader/Scripts/Log/LogUploader.cs:44)
Sailfish.Log.LoggerPanel:<.ctor>b__9_0() (at Assets/LogUploader/Scripts/Log/LoggerPanel.cs:70)
UnityEngine.EventSystems.EventSystem:Update() (at C:/Program Files/Unity/Hub/Editor/2019.4.12f1/Editor/Data/Resources/PackageManager/BuiltInPackages/com.unity.ugui/Runtime/EventSystem/EventSystem.cs:377)


[02:56:37]与服务器链接成功！:101.33.207.93
UnityEngine.Debug:Log(Object)
Sailfish.Log.Debug:Log(String)
Sailfish.Log.LogUploader:SocketClient() (at Assets/LogUploader/Scripts/Log/LogUploader.cs:76)
Sailfish.Log.LogUploader:Upload() (at Assets/LogUploader/Scripts/Log/LogUploader.cs:44)
Sailfish.Log.LoggerPanel:<.ctor>b__9_0() (at Assets/LogUploader/Scripts/Log/LoggerPanel.cs:70)
UnityEngine.EventSystems.EventSystem:Update() (at C:/Program Files/Unity/Hub/Editor/2019.4.12f1/Editor/Data/Resources/PackageManager/BuiltInPackages/com.unity.ugui/Runtime/EventSystem/EventSystem.cs:377)


[02:56:37]发送完成
UnityEngine.Debug:Log(Object)
Sailfish.Log.Debug:Log(String)
Sailfish.Log.<SendFile>d__9:MoveNext() (at Assets/LogUploader/Scripts/Log/LogUploader.cs:136)
UnityEngine.UnitySynchronizationContext:ExecuteTasks()



[03:00:48]连接服务器中.....
UnityEngine.Debug:Log(Object)
Sailfish.Log.Debug:Log(String)
Sailfish.Log.LogUploader:SocketClient() (at Assets/LogUploader/Scripts/Log/LogUploader.cs:68)
Sailfish.Log.LogUploader:Upload() (at Assets/LogUploader/Scripts/Log/LogUploader.cs:44)
Sailfish.Log.LoggerPanel:<.ctor>b__9_0() (at Assets/LogUploader/Scripts/Log/LoggerPanel.cs:70)
UnityEngine.EventSystems.EventSystem:Update() (at C:/Program Files/Unity/Hub/Editor/2019.4.12f1/Editor/Data/Resources/PackageManager/BuiltInPackages/com.unity.ugui/Runtime/EventSystem/EventSystem.cs:377)


[03:00:48]与服务器链接成功！:101.33.207.93
UnityEngine.Debug:Log(Object)
Sailfish.Log.Debug:Log(String)
Sailfish.Log.LogUploader:SocketClient() (at Assets/LogUploader/Scripts/Log/LogUploader.cs:76)
Sailfish.Log.LogUploader:Upload() (at Assets/LogUploader/Scripts/Log/LogUploader.cs:44)
Sailfish.Log.LoggerPanel:<.ctor>b__9_0() (at Assets/LogUploader/Scripts/Log/LoggerPanel.cs:70)
UnityEngine.EventSystems.EventSystem:Update() (at C:/Program Files/Unity/Hub/Editor/2019.4.12f1/Editor/Data/Resources/PackageManager/BuiltInPackages/com.unity.ugui/Runtime/EventSystem/EventSystem.cs:377)


[03:00:48]发送完成
UnityEngine.Debug:Log(Object)
Sailfish.Log.Debug:Log(String)
Sailfish.Log.<SendFile>d__9:MoveNext() (at Assets/LogUploader/Scripts/Log/LogUploader.cs:136)
UnityEngine.UnitySynchronizationContext:ExecuteTasks()



[03:01:01]连接服务器中.....
UnityEngine.Debug:Log(Object)
Sailfish.Log.Debug:Log(String)
Sailfish.Log.LogUploader:SocketClient() (at Assets/LogUploader/Scripts/Log/LogUploader.cs:68)
Sailfish.Log.LogUploader:Upload() (at Assets/LogUploader/Scripts/Log/LogUploader.cs:44)
Sailfish.Log.LoggerPanel:<.ctor>b__9_0() (at Assets/LogUploader/Scripts/Log/LoggerPanel.cs:70)
UnityEngine.EventSystems.EventSystem:Update() (at C:/Program Files/Unity/Hub/Editor/2019.4.12f1/Editor/Data/Resources/PackageManager/BuiltInPackages/com.unity.ugui/Runtime/EventSystem/EventSystem.cs:377)


[03:01:01]与服务器链接成功！:101.33.207.93
UnityEngine.Debug:Log(Object)
Sailfish.Log.Debug:Log(String)
Sailfish.Log.LogUploader:SocketClient() (at Assets/LogUploader/Scripts/Log/LogUploader.cs:76)
Sailfish.Log.LogUploader:Upload() (at Assets/LogUploader/Scripts/Log/LogUploader.cs:44)
Sailfish.Log.LoggerPanel:<.ctor>b__9_0() (at Assets/LogUploader/Scripts/Log/LoggerPanel.cs:70)
UnityEngine.EventSystems.EventSystem:Update() (at C:/Program Files/Unity/Hub/Editor/2019.4.12f1/Editor/Data/Resources/PackageManager/BuiltInPackages/com.unity.ugui/Runtime/EventSystem/EventSystem.cs:377)


[03:01:01]发送完成
UnityEngine.Debug:Log(Object)
Sailfish.Log.Debug:Log(String)
Sailfish.Log.<SendFile>d__9:MoveNext() (at Assets/LogUploader/Scripts/Log/LogUploader.cs:136)
UnityEngine.UnitySynchronizationContext:ExecuteTasks()



[03:01:44]连接服务器中.....
UnityEngine.Debug:Log(Object)
Sailfish.Log.Debug:Log(String)
Sailfish.Log.LogUploader:SocketClient() (at Assets/LogUploader/Scripts/Log/LogUploader.cs:68)
Sailfish.Log.LogUploader:Upload() (at Assets/LogUploader/Scripts/Log/LogUploader.cs:44)
Sailfish.Log.LoggerPanel:<.ctor>b__9_0() (at Assets/LogUploader/Scripts/Log/LoggerPanel.cs:70)
UnityEngine.EventSystems.EventSystem:Update() (at C:/Program Files/Unity/Hub/Editor/2019.4.12f1/Editor/Data/Resources/PackageManager/BuiltInPackages/com.unity.ugui/Runtime/EventSystem/EventSystem.cs:377)


[03:01:44]与服务器链接成功！:101.33.207.93
UnityEngine.Debug:Log(Object)
Sailfish.Log.Debug:Log(String)
Sailfish.Log.LogUploader:SocketClient() (at Assets/LogUploader/Scripts/Log/LogUploader.cs:76)
Sailfish.Log.LogUploader:Upload() (at Assets/LogUploader/Scripts/Log/LogUploader.cs:44)
Sailfish.Log.LoggerPanel:<.ctor>b__9_0() (at Assets/LogUploader/Scripts/Log/LoggerPanel.cs:70)
UnityEngine.EventSystems.EventSystem:Update() (at C:/Program Files/Unity/Hub/Editor/2019.4.12f1/Editor/Data/Resources/PackageManager/BuiltInPackages/com.unity.ugui/Runtime/EventSystem/EventSystem.cs:377)


[03:01:44]发送完成
UnityEngine.Debug:Log(Object)
Sailfish.Log.Debug:Log(String)
Sailfish.Log.<SendFile>d__9:MoveNext() (at Assets/LogUploader/Scripts/Log/LogUploader.cs:136)
UnityEngine.UnitySynchronizationContext:ExecuteTasks()



[03:14:50]连接服务器中.....
UnityEngine.Debug:Log(Object)
Sailfish.Log.Debug:Log(String)
Sailfish.Log.LogUploader:SocketClient() (at Assets/LogUploader/Scripts/Log/LogUploader.cs:68)
Sailfish.Log.LogUploader:Upload() (at Assets/LogUploader/Scripts/Log/LogUploader.cs:44)
Sailfish.Log.LoggerPanel:<.ctor>b__9_0() (at Assets/LogUploader/Scripts/Log/LoggerPanel.cs:70)
UnityEngine.EventSystems.EventSystem:Update() (at C:/Program Files/Unity/Hub/Editor/2019.4.12f1/Editor/Data/Resources/PackageManager/BuiltInPackages/com.unity.ugui/Runtime/EventSystem/EventSystem.cs:377)


[03:14:50]与服务器链接成功！:192.168.0.51
UnityEngine.Debug:Log(Object)
Sailfish.Log.Debug:Log(String)
Sailfish.Log.LogUploader:SocketClient() (at Assets/LogUploader/Scripts/Log/LogUploader.cs:76)
Sailfish.Log.LogUploader:Upload() (at Assets/LogUploader/Scripts/Log/LogUploader.cs:44)
Sailfish.Log.LoggerPanel:<.ctor>b__9_0() (at Assets/LogUploader/Scripts/Log/LoggerPanel.cs:70)
UnityEngine.EventSystems.EventSystem:Update() (at C:/Program Files/Unity/Hub/Editor/2019.4.12f1/Editor/Data/Resources/PackageManager/BuiltInPackages/com.unity.ugui/Runtime/EventSystem/EventSystem.cs:377)



[03:14:50]发送完成
UnityEngine.Debug:Log(Object)
Sailfish.Log.Debug:Log(String)
Sailfish.Log.<SendFile>d__9:MoveNext() (at Assets/LogUploader/Scripts/Log/LogUploader.cs:136)
UnityEngine.UnitySynchronizationContext:ExecuteTasks()



[03:15:27]连接服务器中.....
UnityEngine.Debug:Log(Object)
Sailfish.Log.Debug:Log(String)
Sailfish.Log.LogUploader:SocketClient() (at Assets/LogUploader/Scripts/Log/LogUploader.cs:68)
Sailfish.Log.LogUploader:Upload() (at Assets/LogUploader/Scripts/Log/LogUploader.cs:44)
Sailfish.Log.LoggerPanel:<.ctor>b__9_0() (at Assets/LogUploader/Scripts/Log/LoggerPanel.cs:70)
UnityEngine.EventSystems.EventSystem:Update() (at C:/Program Files/Unity/Hub/Editor/2019.4.12f1/Editor/Data/Resources/PackageManager/BuiltInPackages/com.unity.ugui/Runtime/EventSystem/EventSystem.cs:377)


[03:15:27]与服务器链接成功！:192.168.0.51
UnityEngine.Debug:Log(Object)
Sailfish.Log.Debug:Log(String)
Sailfish.Log.LogUploader:SocketClient() (at Assets/LogUploader/Scripts/Log/LogUploader.cs:76)
Sailfish.Log.LogUploader:Upload() (at Assets/LogUploader/Scripts/Log/LogUploader.cs:44)
Sailfish.Log.LoggerPanel:<.ctor>b__9_0() (at Assets/LogUploader/Scripts/Log/LoggerPanel.cs:70)
UnityEngine.EventSystems.EventSystem:Update() (at C:/Program Files/Unity/Hub/Editor/2019.4.12f1/Editor/Data/Resources/PackageManager/BuiltInPackages/com.unity.ugui/Runtime/EventSystem/EventSystem.cs:377)


[03:15:27]发送完成
UnityEngine.Debug:Log(Object)
Sailfish.Log.Debug:Log(String)
Sailfish.Log.<SendFile>d__9:MoveNext() (at Assets/LogUploader/Scripts/Log/LogUploader.cs:136)
UnityEngine.UnitySynchronizationContext:ExecuteTasks()



[03:16:57]连接服务器中.....
UnityEngine.Debug:Log(Object)
Sailfish.Log.Debug:Log(String)
Sailfish.Log.LogUploader:SocketClient() (at Assets/LogUploader/Scripts/Log/LogUploader.cs:68)
Sailfish.Log.LogUploader:Upload() (at Assets/LogUploader/Scripts/Log/LogUploader.cs:44)
Sailfish.Log.LoggerPanel:<.ctor>b__9_0() (at Assets/LogUploader/Scripts/Log/LoggerPanel.cs:70)
UnityEngine.EventSystems.EventSystem:Update() (at C:/Program Files/Unity/Hub/Editor/2019.4.12f1/Editor/Data/Resources/PackageManager/BuiltInPackages/com.unity.ugui/Runtime/EventSystem/EventSystem.cs:377)


[03:16:57]与服务器链接成功！:192.168.0.51
UnityEngine.Debug:Log(Object)
Sailfish.Log.Debug:Log(String)
Sailfish.Log.LogUploader:SocketClient() (at Assets/LogUploader/Scripts/Log/LogUploader.cs:76)
Sailfish.Log.LogUploader:Upload() (at Assets/LogUploader/Scripts/Log/LogUploader.cs:44)
Sailfish.Log.LoggerPanel:<.ctor>b__9_0() (at Assets/LogUploader/Scripts/Log/LoggerPanel.cs:70)
UnityEngine.EventSystems.EventSystem:Update() (at C:/Program Files/Unity/Hub/Editor/2019.4.12f1/Editor/Data/Resources/PackageManager/BuiltInPackages/com.unity.ugui/Runtime/EventSystem/EventSystem.cs:377)


[03:16:57]发送完成
UnityEngine.Debug:Log(Object)
Sailfish.Log.Debug:Log(String)
Sailfish.Log.<SendFile>d__9:MoveNext() (at Assets/LogUploader/Scripts/Log/LogUploader.cs:136)
UnityEngine.UnitySynchronizationContext:ExecuteTasks()



[03:17:22]连接服务器中.....
UnityEngine.Debug:Log(Object)
Sailfish.Log.Debug:Log(String)
Sailfish.Log.LogUploader:SocketClient() (at Assets/LogUploader/Scripts/Log/LogUploader.cs:68)
Sailfish.Log.LogUploader:Upload() (at Assets/LogUploader/Scripts/Log/LogUploader.cs:44)
Sailfish.Log.LoggerPanel:<.ctor>b__9_0() (at Assets/LogUploader/Scripts/Log/LoggerPanel.cs:70)
UnityEngine.EventSystems.EventSystem:Update() (at C:/Program Files/Unity/Hub/Editor/2019.4.12f1/Editor/Data/Resources/PackageManager/BuiltInPackages/com.unity.ugui/Runtime/EventSystem/EventSystem.cs:377)


[03:17:22]与服务器链接成功！:192.168.0.51
UnityEngine.Debug:Log(Object)
Sailfish.Log.Debug:Log(String)
Sailfish.Log.LogUploader:SocketClient() (at Assets/LogUploader/Scripts/Log/LogUploader.cs:76)
Sailfish.Log.LogUploader:Upload() (at Assets/LogUploader/Scripts/Log/LogUploader.cs:44)
Sailfish.Log.LoggerPanel:<.ctor>b__9_0() (at Assets/LogUploader/Scripts/Log/LoggerPanel.cs:70)
UnityEngine.EventSystems.EventSystem:Update() (at C:/Program Files/Unity/Hub/Editor/2019.4.12f1/Editor/Data/Resources/PackageManager/BuiltInPackages/com.unity.ugui/Runtime/EventSystem/EventSystem.cs:377)


[03:17:22]发送完成
UnityEngine.Debug:Log(Object)
Sailfish.Log.Debug:Log(String)
Sailfish.Log.<SendFile>d__9:MoveNext() (at Assets/LogUploader/Scripts/Log/LogUploader.cs:136)
UnityEngine.UnitySynchronizationContext:ExecuteTasks()



[03:18:17]连接服务器中.....
UnityEngine.Debug:Log(Object)
Sailfish.Log.Debug:Log(String)
Sailfish.Log.LogUploader:SocketClient() (at Assets/LogUploader/Scripts/Log/LogUploader.cs:68)
Sailfish.Log.LogUploader:Upload() (at Assets/LogUploader/Scripts/Log/LogUploader.cs:44)
Sailfish.Log.LoggerPanel:<.ctor>b__9_0() (at Assets/LogUploader/Scripts/Log/LoggerPanel.cs:70)
UnityEngine.EventSystems.EventSystem:Update() (at C:/Program Files/Unity/Hub/Editor/2019.4.12f1/Editor/Data/Resources/PackageManager/BuiltInPackages/com.unity.ugui/Runtime/EventSystem/EventSystem.cs:377)


[03:18:17]与服务器链接成功！:192.168.0.51
UnityEngine.Debug:Log(Object)
Sailfish.Log.Debug:Log(String)
Sailfish.Log.LogUploader:SocketClient() (at Assets/LogUploader/Scripts/Log/LogUploader.cs:76)
Sailfish.Log.LogUploader:Upload() (at Assets/LogUploader/Scripts/Log/LogUploader.cs:44)
Sailfish.Log.LoggerPanel:<.ctor>b__9_0() (at Assets/LogUploader/Scripts/Log/LoggerPanel.cs:70)
UnityEngine.EventSystems.EventSystem:Update() (at C:/Program Files/Unity/Hub/Editor/2019.4.12f1/Editor/Data/Resources/PackageManager/BuiltInPackages/com.unity.ugui/Runtime/EventSystem/EventSystem.cs:377)


[03:18:17]发送完成
UnityEngine.Debug:Log(Object)
Sailfish.Log.Debug:Log(String)
Sailfish.Log.<SendFile>d__9:MoveNext() (at Assets/LogUploader/Scripts/Log/LogUploader.cs:136)
UnityEngine.UnitySynchronizationContext:ExecuteTasks()



[03:19:01]连接服务器中.....
UnityEngine.Debug:Log(Object)
Sailfish.Log.Debug:Log(String)
Sailfish.Log.LogUploader:SocketClient() (at Assets/LogUploader/Scripts/Log/LogUploader.cs:68)
Sailfish.Log.LogUploader:Upload() (at Assets/LogUploader/Scripts/Log/LogUploader.cs:44)
Sailfish.Log.LoggerPanel:<.ctor>b__9_0() (at Assets/LogUploader/Scripts/Log/LoggerPanel.cs:70)
UnityEngine.EventSystems.EventSystem:Update() (at C:/Program Files/Unity/Hub/Editor/2019.4.12f1/Editor/Data/Resources/PackageManager/BuiltInPackages/com.unity.ugui/Runtime/EventSystem/EventSystem.cs:377)


[03:19:01]与服务器链接成功！:192.168.0.51
UnityEngine.Debug:Log(Object)
Sailfish.Log.Debug:Log(String)
Sailfish.Log.LogUploader:SocketClient() (at Assets/LogUploader/Scripts/Log/LogUploader.cs:76)
Sailfish.Log.LogUploader:Upload() (at Assets/LogUploader/Scripts/Log/LogUploader.cs:44)
Sailfish.Log.LoggerPanel:<.ctor>b__9_0() (at Assets/LogUploader/Scripts/Log/LoggerPanel.cs:70)
UnityEngine.EventSystems.EventSystem:Update() (at C:/Program Files/Unity/Hub/Editor/2019.4.12f1/Editor/Data/Resources/PackageManager/BuiltInPackages/com.unity.ugui/Runtime/EventSystem/EventSystem.cs:377)


[03:19:01]发送完成
UnityEngine.Debug:Log(Object)
Sailfish.Log.Debug:Log(String)
Sailfish.Log.<SendFile>d__9:MoveNext() (at Assets/LogUploader/Scripts/Log/LogUploader.cs:136)
UnityEngine.UnitySynchronizationContext:ExecuteTasks()



