[03:44:08]项目名字：UnityLogger
UnityEngine.Debug:Log(Object)
Sailfish.Log.Debug:Log(String)
Sailfish.Log.Debug:Init(String)
Sailfish.Log.Logger:Awake() (at Assets/LogUploader/Scripts/Log/Logger.cs:52)


[03:44:08]日志时间：20240829
UnityEngine.Debug:Log(Object)
Sailfish.Log.Debug:Log(String)
Sailfish.Log.Debug:Init(String)
Sailfish.Log.Logger:Awake() (at Assets/LogUploader/Scripts/Log/Logger.cs:52)


[03:44:08]本地日志地址：E:/Project/Logger_Unity/Logger/Assets/StreamingAssets/Log/20240829/034408.log
UnityEngine.Debug:Log(Object)
Sailfish.Log.Debug:Log(String)
Sailfish.Log.Debug:Init(String)
Sailfish.Log.Logger:Awake() (at Assets/LogUploader/Scripts/Log/Logger.cs:52)


[03:44:08]服务器日志地址：http://101.33.207.93
UnityEngine.Debug:Log(Object)
Sailfish.Log.Debug:Log(String)
Sailfish.Log.Debug:Init(String)
Sailfish.Log.Logger:Awake() (at Assets/LogUploader/Scripts/Log/Logger.cs:52)


[03:44:08]开启日志线程
UnityEngine.Debug:Log(Object)
Sailfish.Log.Debug:Log(String)
Sailfish.Log.Debug:Init(String)
Sailfish.Log.Logger:Awake() (at Assets/LogUploader/Scripts/Log/Logger.cs:52)



